----------

Mon May 16 2022 14:13:55 GMT+0200 (Mitteleuropäische Sommerzeit)

warning: LF will be replaced by CRLF in assets/bootstrap/css/bootstrap.min.css.
The file will have its original line endings in your working directory
warning: LF will be replaced by CRLF in assets/bootstrap/js/bootstrap.min.js.
The file will have its original line endings in your working directory
warning: LF will be replaced by CRLF in assets/js/bold-and-bright.js.
The file will have its original line endings in your working directory
warning: LF will be replaced by CRLF in assets/js/jquery.min.js.
The file will have its original line endings in your working directory
warning: LF will be replaced by CRLF in contacts.html.
The file will have its original line endings in your working directory
warning: LF will be replaced by CRLF in index.html.
The file will have its original line endings in your working directory
warning: LF will be replaced by CRLF in pricing.html.
The file will have its original line endings in your working directory
warning: LF will be replaced by CRLF in projects.html.
The file will have its original line endings in your working directory
warning: LF will be replaced by CRLF in services.html.
The file will have its original line endings in your working directory


----------

Mon May 16 2022 14:13:58 GMT+0200 (Mitteleuropäische Sommerzeit)

To https://github.com/marczeitler/marczeitler.github.io.git
   40c695a..412152f  main -> main


